This is XeTeX, Version 3.141592653-2.6-0.999997 (TeX Live 2025) (preloaded format=xelatex 2025.6.15)  16 JUN 2025 18:47
entering extended mode
 restricted \write18 enabled.
 %&-line parsing enabled.
**"/Users/idcvnuma/Documents/Profiling\ Youth\ Sexual\ Risk\ in\ Nigeria:\ A\ Machine\ Learning\ Approach\ Using\ MICS6\ Data/tables/track2_risk_clusters_table.tex"
! Emergency stop.
<to be read again> 
                   \ 
<*> "/Users/idcvnuma/Documents/Profiling\ 
                                          Youth\ Sexual\ Risk\ in\ Nigeria:\...
*** (job aborted, file error in nonstop mode)

 
Here is how much of TeX's memory you used:
 3 strings out of 470543
 45 string characters out of 5492311
 417670 words of memory out of 5000000
 28339 multiletter control sequences out of 15000+600000
 626825 words of font info for 40 fonts, out of 8000000 for 9000
 14 hyphenation exceptions out of 8191
 1i,0n,0p,1b,6s stack positions out of 10000i,1000n,20000p,200000b,200000s
No pages of output.
